<?xml version="1.0" encoding="UTF-8"?>
<testsuite xmlns:xsi="http://www.w3.org/2001/XMLSchema-instance" xsi:noNamespaceSchemaLocation="https://maven.apache.org/surefire/maven-surefire-plugin/xsd/surefire-test-report-3.0.xsd" version="3.0" name="com.cellact.AppTest" time="0.011" tests="1" errors="0" skipped="0" failures="0">
  <properties>
    <property name="java.specification.version" value="21"/>
    <property name="sun.jnu.encoding" value="UTF-8"/>
    <property name="java.class.path" value="/Users/jonathankandel/Desktop/Scripts/ArnaconSDK/target/test-classes:/Users/jonathankandel/Desktop/Scripts/ArnaconSDK/target/classes:/Users/jonathankandel/.m2/repository/junit/junit/3.8.1/junit-3.8.1.jar:/Users/jonathankandel/.m2/repository/org/web3j/core/4.10.3/core-4.10.3.jar:/Users/jonathankandel/.m2/repository/org/web3j/abi/4.10.3/abi-4.10.3.jar:/Users/jonathankandel/.m2/repository/org/web3j/utils/4.10.3/utils-4.10.3.jar:/Users/jonathankandel/.m2/repository/org/bouncycastle/bcprov-jdk18on/1.73/bcprov-jdk18on-1.73.jar:/Users/jonathankandel/.m2/repository/org/web3j/crypto/4.10.3/crypto-4.10.3.jar:/Users/jonathankandel/.m2/repository/org/web3j/rlp/4.10.3/rlp-4.10.3.jar:/Users/jonathankandel/.m2/repository/org/web3j/tuples/4.10.3/tuples-4.10.3.jar:/Users/jonathankandel/.m2/repository/com/github/jnr/jnr-unixsocket/0.38.17/jnr-unixsocket-0.38.17.jar:/Users/jonathankandel/.m2/repository/com/github/jnr/jnr-ffi/2.2.11/jnr-ffi-2.2.11.jar:/Users/jonathankandel/.m2/repository/com/github/jnr/jffi/1.3.9/jffi-1.3.9.jar:/Users/jonathankandel/.m2/repository/com/github/jnr/jffi/1.3.9/jffi-1.3.9-native.jar:/Users/jonathankandel/.m2/repository/org/ow2/asm/asm/9.2/asm-9.2.jar:/Users/jonathankandel/.m2/repository/org/ow2/asm/asm-commons/9.2/asm-commons-9.2.jar:/Users/jonathankandel/.m2/repository/org/ow2/asm/asm-analysis/9.2/asm-analysis-9.2.jar:/Users/jonathankandel/.m2/repository/org/ow2/asm/asm-tree/9.2/asm-tree-9.2.jar:/Users/jonathankandel/.m2/repository/org/ow2/asm/asm-util/9.2/asm-util-9.2.jar:/Users/jonathankandel/.m2/repository/com/github/jnr/jnr-a64asm/1.0.0/jnr-a64asm-1.0.0.jar:/Users/jonathankandel/.m2/repository/com/github/jnr/jnr-x86asm/1.0.2/jnr-x86asm-1.0.2.jar:/Users/jonathankandel/.m2/repository/com/github/jnr/jnr-constants/0.10.3/jnr-constants-0.10.3.jar:/Users/jonathankandel/.m2/repository/com/github/jnr/jnr-enxio/0.32.13/jnr-enxio-0.32.13.jar:/Users/jonathankandel/.m2/repository/com/github/jnr/jnr-posix/3.1.15/jnr-posix-3.1.15.jar:/Users/jonathankandel/.m2/repository/com/squareup/okhttp3/okhttp/4.9.0/okhttp-4.9.0.jar:/Users/jonathankandel/.m2/repository/com/squareup/okio/okio/2.8.0/okio-2.8.0.jar:/Users/jonathankandel/.m2/repository/org/jetbrains/kotlin/kotlin-stdlib-common/1.4.0/kotlin-stdlib-common-1.4.0.jar:/Users/jonathankandel/.m2/repository/org/jetbrains/kotlin/kotlin-stdlib/1.4.10/kotlin-stdlib-1.4.10.jar:/Users/jonathankandel/.m2/repository/org/jetbrains/annotations/13.0/annotations-13.0.jar:/Users/jonathankandel/.m2/repository/com/squareup/okhttp3/logging-interceptor/4.9.0/logging-interceptor-4.9.0.jar:/Users/jonathankandel/.m2/repository/org/jetbrains/kotlin/kotlin-stdlib-jdk8/1.4.10/kotlin-stdlib-jdk8-1.4.10.jar:/Users/jonathankandel/.m2/repository/org/jetbrains/kotlin/kotlin-stdlib-jdk7/1.4.10/kotlin-stdlib-jdk7-1.4.10.jar:/Users/jonathankandel/.m2/repository/io/reactivex/rxjava2/rxjava/2.2.2/rxjava-2.2.2.jar:/Users/jonathankandel/.m2/repository/org/reactivestreams/reactive-streams/1.0.2/reactive-streams-1.0.2.jar:/Users/jonathankandel/.m2/repository/org/java-websocket/Java-WebSocket/1.5.3/Java-WebSocket-1.5.3.jar:/Users/jonathankandel/.m2/repository/com/fasterxml/jackson/core/jackson-databind/2.14.2/jackson-databind-2.14.2.jar:/Users/jonathankandel/.m2/repository/com/fasterxml/jackson/core/jackson-annotations/2.14.2/jackson-annotations-2.14.2.jar:/Users/jonathankandel/.m2/repository/com/fasterxml/jackson/core/jackson-core/2.14.2/jackson-core-2.14.2.jar:/Users/jonathankandel/.m2/repository/org/slf4j/slf4j-api/1.7.30/slf4j-api-1.7.30.jar:/Users/jonathankandel/.m2/repository/io/github/adraffy/ens-normalize/0.1.2/ens-normalize-0.1.2.jar:/Users/jonathankandel/.m2/repository/org/json/json/20231013/json-20231013.jar:"/>
    <property name="java.vm.vendor" value="Homebrew"/>
    <property name="sun.arch.data.model" value="64"/>
    <property name="java.vendor.url" value="https://github.com/Homebrew/homebrew-core/issues"/>
    <property name="os.name" value="Mac OS X"/>
    <property name="java.vm.specification.version" value="21"/>
    <property name="sun.java.launcher" value="SUN_STANDARD"/>
    <property name="user.country" value="IL"/>
    <property name="sun.boot.library.path" value="/opt/homebrew/Cellar/openjdk/21.0.1/libexec/openjdk.jdk/Contents/Home/lib"/>
    <property name="sun.java.command" value="/Users/jonathankandel/Desktop/Scripts/ArnaconSDK/target/surefire/surefirebooter-20240520115046209_3.jar /Users/jonathankandel/Desktop/Scripts/ArnaconSDK/target/surefire 2024-05-20T11-50-46_179-jvmRun1 surefire-20240520115046209_1tmp surefire_0-20240520115046209_2tmp"/>
    <property name="http.nonProxyHosts" value="local|*.local|169.254/16|*.169.254/16"/>
    <property name="jdk.debug" value="release"/>
    <property name="surefire.test.class.path" value="/Users/jonathankandel/Desktop/Scripts/ArnaconSDK/target/test-classes:/Users/jonathankandel/Desktop/Scripts/ArnaconSDK/target/classes:/Users/jonathankandel/.m2/repository/junit/junit/3.8.1/junit-3.8.1.jar:/Users/jonathankandel/.m2/repository/org/web3j/core/4.10.3/core-4.10.3.jar:/Users/jonathankandel/.m2/repository/org/web3j/abi/4.10.3/abi-4.10.3.jar:/Users/jonathankandel/.m2/repository/org/web3j/utils/4.10.3/utils-4.10.3.jar:/Users/jonathankandel/.m2/repository/org/bouncycastle/bcprov-jdk18on/1.73/bcprov-jdk18on-1.73.jar:/Users/jonathankandel/.m2/repository/org/web3j/crypto/4.10.3/crypto-4.10.3.jar:/Users/jonathankandel/.m2/repository/org/web3j/rlp/4.10.3/rlp-4.10.3.jar:/Users/jonathankandel/.m2/repository/org/web3j/tuples/4.10.3/tuples-4.10.3.jar:/Users/jonathankandel/.m2/repository/com/github/jnr/jnr-unixsocket/0.38.17/jnr-unixsocket-0.38.17.jar:/Users/jonathankandel/.m2/repository/com/github/jnr/jnr-ffi/2.2.11/jnr-ffi-2.2.11.jar:/Users/jonathankandel/.m2/repository/com/github/jnr/jffi/1.3.9/jffi-1.3.9.jar:/Users/jonathankandel/.m2/repository/com/github/jnr/jffi/1.3.9/jffi-1.3.9-native.jar:/Users/jonathankandel/.m2/repository/org/ow2/asm/asm/9.2/asm-9.2.jar:/Users/jonathankandel/.m2/repository/org/ow2/asm/asm-commons/9.2/asm-commons-9.2.jar:/Users/jonathankandel/.m2/repository/org/ow2/asm/asm-analysis/9.2/asm-analysis-9.2.jar:/Users/jonathankandel/.m2/repository/org/ow2/asm/asm-tree/9.2/asm-tree-9.2.jar:/Users/jonathankandel/.m2/repository/org/ow2/asm/asm-util/9.2/asm-util-9.2.jar:/Users/jonathankandel/.m2/repository/com/github/jnr/jnr-a64asm/1.0.0/jnr-a64asm-1.0.0.jar:/Users/jonathankandel/.m2/repository/com/github/jnr/jnr-x86asm/1.0.2/jnr-x86asm-1.0.2.jar:/Users/jonathankandel/.m2/repository/com/github/jnr/jnr-constants/0.10.3/jnr-constants-0.10.3.jar:/Users/jonathankandel/.m2/repository/com/github/jnr/jnr-enxio/0.32.13/jnr-enxio-0.32.13.jar:/Users/jonathankandel/.m2/repository/com/github/jnr/jnr-posix/3.1.15/jnr-posix-3.1.15.jar:/Users/jonathankandel/.m2/repository/com/squareup/okhttp3/okhttp/4.9.0/okhttp-4.9.0.jar:/Users/jonathankandel/.m2/repository/com/squareup/okio/okio/2.8.0/okio-2.8.0.jar:/Users/jonathankandel/.m2/repository/org/jetbrains/kotlin/kotlin-stdlib-common/1.4.0/kotlin-stdlib-common-1.4.0.jar:/Users/jonathankandel/.m2/repository/org/jetbrains/kotlin/kotlin-stdlib/1.4.10/kotlin-stdlib-1.4.10.jar:/Users/jonathankandel/.m2/repository/org/jetbrains/annotations/13.0/annotations-13.0.jar:/Users/jonathankandel/.m2/repository/com/squareup/okhttp3/logging-interceptor/4.9.0/logging-interceptor-4.9.0.jar:/Users/jonathankandel/.m2/repository/org/jetbrains/kotlin/kotlin-stdlib-jdk8/1.4.10/kotlin-stdlib-jdk8-1.4.10.jar:/Users/jonathankandel/.m2/repository/org/jetbrains/kotlin/kotlin-stdlib-jdk7/1.4.10/kotlin-stdlib-jdk7-1.4.10.jar:/Users/jonathankandel/.m2/repository/io/reactivex/rxjava2/rxjava/2.2.2/rxjava-2.2.2.jar:/Users/jonathankandel/.m2/repository/org/reactivestreams/reactive-streams/1.0.2/reactive-streams-1.0.2.jar:/Users/jonathankandel/.m2/repository/org/java-websocket/Java-WebSocket/1.5.3/Java-WebSocket-1.5.3.jar:/Users/jonathankandel/.m2/repository/com/fasterxml/jackson/core/jackson-databind/2.14.2/jackson-databind-2.14.2.jar:/Users/jonathankandel/.m2/repository/com/fasterxml/jackson/core/jackson-annotations/2.14.2/jackson-annotations-2.14.2.jar:/Users/jonathankandel/.m2/repository/com/fasterxml/jackson/core/jackson-core/2.14.2/jackson-core-2.14.2.jar:/Users/jonathankandel/.m2/repository/org/slf4j/slf4j-api/1.7.30/slf4j-api-1.7.30.jar:/Users/jonathankandel/.m2/repository/io/github/adraffy/ens-normalize/0.1.2/ens-normalize-0.1.2.jar:/Users/jonathankandel/.m2/repository/org/json/json/20231013/json-20231013.jar:"/>
    <property name="sun.cpu.endian" value="little"/>
    <property name="user.home" value="/Users/jonathankandel"/>
    <property name="user.language" value="en"/>
    <property name="java.specification.vendor" value="Oracle Corporation"/>
    <property name="java.version.date" value="2023-10-17"/>
    <property name="java.home" value="/opt/homebrew/Cellar/openjdk/21.0.1/libexec/openjdk.jdk/Contents/Home"/>
    <property name="file.separator" value="/"/>
    <property name="basedir" value="/Users/jonathankandel/Desktop/Scripts/ArnaconSDK"/>
    <property name="java.vm.compressedOopsMode" value="Zero based"/>
    <property name="line.separator" value="&#10;"/>
    <property name="java.vm.specification.vendor" value="Oracle Corporation"/>
    <property name="java.specification.name" value="Java Platform API Specification"/>
    <property name="apple.awt.application.name" value="ForkedBooter"/>
    <property name="surefire.real.class.path" value="/Users/jonathankandel/Desktop/Scripts/ArnaconSDK/target/surefire/surefirebooter-20240520115046209_3.jar"/>
    <property name="sun.management.compiler" value="HotSpot 64-Bit Tiered Compilers"/>
    <property name="ftp.nonProxyHosts" value="local|*.local|169.254/16|*.169.254/16"/>
    <property name="java.runtime.version" value="21.0.1"/>
    <property name="user.name" value="jonathankandel"/>
    <property name="stdout.encoding" value="UTF-8"/>
    <property name="path.separator" value=":"/>
    <property name="os.version" value="14.3.1"/>
    <property name="java.runtime.name" value="OpenJDK Runtime Environment"/>
    <property name="file.encoding" value="UTF-8"/>
    <property name="java.vm.name" value="OpenJDK 64-Bit Server VM"/>
    <property name="java.vendor.version" value="Homebrew"/>
    <property name="localRepository" value="/Users/jonathankandel/.m2/repository"/>
    <property name="java.vendor.url.bug" value="https://github.com/Homebrew/homebrew-core/issues"/>
    <property name="java.io.tmpdir" value="/var/folders/wm/c76p3ynn11g0q0c3l8p4ttdm0000gn/T/"/>
    <property name="java.version" value="21.0.1"/>
    <property name="user.dir" value="/Users/jonathankandel/Desktop/Scripts/ArnaconSDK"/>
    <property name="os.arch" value="aarch64"/>
    <property name="java.vm.specification.name" value="Java Virtual Machine Specification"/>
    <property name="native.encoding" value="UTF-8"/>
    <property name="java.library.path" value="/Users/jonathankandel/Library/Java/Extensions:/Library/Java/Extensions:/Network/Library/Java/Extensions:/System/Library/Java/Extensions:/usr/lib/java:."/>
    <property name="java.vm.info" value="mixed mode, sharing"/>
    <property name="stderr.encoding" value="UTF-8"/>
    <property name="java.vendor" value="Homebrew"/>
    <property name="java.vm.version" value="21.0.1"/>
    <property name="sun.io.unicode.encoding" value="UnicodeBig"/>
    <property name="socksNonProxyHosts" value="local|*.local|169.254/16|*.169.254/16"/>
    <property name="java.class.version" value="65.0"/>
  </properties>
  <testcase name="testApp" classname="com.cellact.AppTest" time="0.001"/>
</testsuite>